生成启动时间为 2018/8/20 22:13:00。
     1>项目“G:\StudySummer\3.C++\C++\C++\C++语言基础\C++语言基础.vcxproj”在节点 2 上(Build 个目标)。
     1>InitializeBuildStatus:
         正在创建“Debug\C++语言基础.tlog\unsuccessfulbuild”，因为已指定“AlwaysCreate”。
       ClCompile:
         所有输出均为最新。
         C:\Program Files (x86)\Microsoft Visual Studio\2017\Community\VC\Tools\MSVC\14.15.26726\bin\HostX86\x86\CL.exe /c /ZI /JMC /nologo /W3 /WX- /diagnostics:classic /sdl /Od /Oy- /D WIN32 /D _DEBUG /D _CONSOLE /D _UNICODE /D UNICODE /Gm- /EHsc /RTC1 /MDd /GS /fp:precise /permissive- /Zc:wchar_t /Zc:forScope /Zc:inline /Yu"pch.h" /Fp"Debug\C++语言基础.pch" /Fo"Debug\\" /Fd"Debug\vc141.pdb" /Gd /TP /analyze- /FC /errorReport:prompt "C++语言基础.cpp"
         C++语言基础.cpp
       Link:
         C:\Program Files (x86)\Microsoft Visual Studio\2017\Community\VC\Tools\MSVC\14.15.26726\bin\HostX86\x86\link.exe /ERRORREPORT:PROMPT /OUT:"G:\StudySummer\3.C++\C++\C++\Debug\C++语言基础.exe" /INCREMENTAL /NOLOGO kernel32.lib user32.lib gdi32.lib winspool.lib comdlg32.lib advapi32.lib shell32.lib ole32.lib oleaut32.lib uuid.lib odbc32.lib odbccp32.lib /MANIFEST /MANIFESTUAC:"level='asInvoker' uiAccess='false'" /manifest:embed /DEBUG:FASTLINK /PDB:"G:\StudySummer\3.C++\C++\C++\Debug\C++语言基础.pdb" /SUBSYSTEM:CONSOLE /TLBID:1 /DYNAMICBASE /NXCOMPAT /IMPLIB:"G:\StudySummer\3.C++\C++\C++\Debug\C++语言基础.lib" /MACHINE:X86 "Debug\C++语言基础.obj"
         Debug\pch.obj
         C++语言基础.vcxproj -> G:\StudySummer\3.C++\C++\C++\Debug\C++语言基础.exe
       FinalizeBuildStatus:
         正在删除文件“Debug\C++语言基础.tlog\unsuccessfulbuild”。
         正在对“Debug\C++语言基础.tlog\C++语言基础.lastbuildstate”执行 Touch 任务。
     1>已完成生成项目“G:\StudySummer\3.C++\C++\C++\C++语言基础\C++语言基础.vcxproj”(Build 个目标)的操作。

已成功生成。
    0 个警告
    0 个错误

已用时间 00:00:01.20
